# JRE version: OpenJDK Runtime Environment (8.0_152-b01) (build 1.8.0_152-release-915-b01)
# Java VM: OpenJDK 64-Bit Server VM (25.152-b01 mixed mode linux-amd64 compressed oops)
Heap:
 PSYoungGen      total 142336K, used 9283K [0x00000000e0000000, 0x00000000ec480000, 0x0000000100000000)
  eden space 131072K, 0% used [0x00000000e0000000,0x00000000e0000000,0x00000000e8000000)
  from space 11264K, 82% used [0x00000000e8b80000,0x00000000e9490d60,0x00000000e9680000)
  to   space 11776K, 0% used [0x00000000e8000000,0x00000000e8000000,0x00000000e8b80000)
 ParOldGen       total 42496K, used 11224K [0x00000000a0000000, 0x00000000a2980000, 0x00000000e0000000)
  object space 42496K, 26% used [0x00000000a0000000,0x00000000a0af6088,0x00000000a2980000)
 Metaspace       used 34679K, capacity 35186K, committed 35416K, reserved 1079296K
  class space    used 4719K, capacity 4941K, committed 4992K, reserved 1048576K
GC Heap History (10 events):
Event: 2.136 GC heap after
Heap after GC invocations=5 (full 0):
 PSYoungGen      total 64000K, used 2532K [0x00000000e0000000, 0x00000000e8d00000, 0x0000000100000000)
  eden space 61440K, 0% used [0x00000000e0000000,0x00000000e0000000,0x00000000e3c00000)
  from space 2560K, 98% used [0x00000000e3c00000,0x00000000e3e79050,0x00000000e3e80000)
  to   space 10752K, 0% used [0x00000000e8280000,0x00000000e8280000,0x00000000e8d00000)
 ParOldGen       total 40960K, used 14419K [0x00000000a0000000, 0x00000000a2800000, 0x00000000e0000000)
  object space 40960K, 35% used [0x00000000a0000000,0x00000000a0e14ee0,0x00000000a2800000)
 Metaspace       used 20758K, capacity 21096K, committed 21248K, reserved 1067008K
  class space    used 2867K, capacity 3018K, committed 3072K, reserved 1048576K
}
Event: 2.136 GC heap before
{Heap before GC invocations=6 (full 1):
 PSYoungGen      total 64000K, used 2532K [0x00000000e0000000, 0x00000000e8d00000, 0x0000000100000000)
  eden space 61440K, 0% used [0x00000000e0000000,0x00000000e0000000,0x00000000e3c00000)
  from space 2560K, 98% used [0x00000000e3c00000,0x00000000e3e79050,0x00000000e3e80000)
  to   space 10752K, 0% used [0x00000000e8280000,0x00000000e8280000,0x00000000e8d00000)
 ParOldGen       total 40960K, used 14419K [0x00000000a0000000, 0x00000000a2800000, 0x00000000e0000000)
  object space 40960K, 35% used [0x00000000a0000000,0x00000000a0e14ee0,0x00000000a2800000)
 Metaspace       used 20758K, capacity 21096K, committed 21248K, reserved 1067008K
  class space    used 2867K, capacity 3018K, committed 3072K, reserved 1048576K
Event: 2.182 GC heap after
Heap after GC invocations=6 (full 1):
 PSYoungGen      total 64000K, used 0K [0x00000000e0000000, 0x00000000e8d00000, 0x0000000100000000)
  eden space 61440K, 0% used [0x00000000e0000000,0x00000000e0000000,0x00000000e3c00000)
  from space 2560K, 0% used [0x00000000e3c00000,0x00000000e3c00000,0x00000000e3e80000)
  to   space 10752K, 0% used [0x00000000e8280000,0x00000000e8280000,0x00000000e8d00000)
 ParOldGen       total 42496K, used 11128K [0x00000000a0000000, 0x00000000a2980000, 0x00000000e0000000)
  object space 42496K, 26% used [0x00000000a0000000,0x00000000a0ade078,0x00000000a2980000)
 Metaspace       used 20758K, capacity 21096K, committed 21248K, reserved 1067008K
  class space    used 2867K, capacity 3018K, committed 3072K, reserved 1048576K
}
Event: 3.146 GC heap before
{Heap before GC invocations=7 (full 1):
 PSYoungGen      total 64000K, used 61440K [0x00000000e0000000, 0x00000000e8d00000, 0x0000000100000000)
  eden space 61440K, 100% used [0x00000000e0000000,0x00000000e3c00000,0x00000000e3c00000)
  from space 2560K, 0% used [0x00000000e3c00000,0x00000000e3c00000,0x00000000e3e80000)
  to   space 10752K, 0% used [0x00000000e8280000,0x00000000e8280000,0x00000000e8d00000)
 ParOldGen       total 42496K, used 11128K [0x00000000a0000000, 0x00000000a2980000, 0x00000000e0000000)
  object space 42496K, 26% used [0x00000000a0000000,0x00000000a0ade078,0x00000000a2980000)
 Metaspace       used 25801K, capacity 26244K, committed 26624K, reserved 1073152K
  class space    used 3545K, capacity 3721K, committed 3840K, reserved 1048576K
Event: 3.158 GC heap after
Heap after GC invocations=7 (full 1):
 PSYoungGen      total 98304K, used 6948K [0x00000000e0000000, 0x00000000e8980000, 0x0000000100000000)
  eden space 91136K, 0% used [0x00000000e0000000,0x00000000e0000000,0x00000000e5900000)
  from space 7168K, 96% used [0x00000000e8280000,0x00000000e8949150,0x00000000e8980000)
  to   space 10752K, 0% used [0x00000000e7480000,0x00000000e7480000,0x00000000e7f00000)
 ParOldGen       total 42496K, used 11136K [0x00000000a0000000, 0x00000000a2980000, 0x00000000e0000000)
  object space 42496K, 26% used [0x00000000a0000000,0x00000000a0ae0078,0x00000000a2980000)
 Metaspace       used 25801K, capacity 26244K, committed 26624K, reserved 1073152K
  class space    used 3545K, capacity 3721K, committed 3840K, reserved 1048576K
}
Event: 4.567 GC heap before
{Heap before GC invocations=8 (full 1):
 PSYoungGen      total 98304K, used 98080K [0x00000000e0000000, 0x00000000e8980000, 0x0000000100000000)
  eden space 91136K, 99% used [0x00000000e0000000,0x00000000e58ff0d0,0x00000000e5900000)
  from space 7168K, 96% used [0x00000000e8280000,0x00000000e8949150,0x00000000e8980000)
  to   space 10752K, 0% used [0x00000000e7480000,0x00000000e7480000,0x00000000e7f00000)
 ParOldGen       total 42496K, used 11136K [0x00000000a0000000, 0x00000000a2980000, 0x00000000e0000000)
  object space 42496K, 26% used [0x00000000a0000000,0x00000000a0ae0078,0x00000000a2980000)
 Metaspace       used 30223K, capacity 30724K, committed 30976K, reserved 1075200K
  class space    used 4121K, capacity 4297K, committed 4352K, reserved 1048576K
Event: 4.578 GC heap after
Heap after GC invocations=8 (full 1):
 PSYoungGen      total 130048K, used 7476K [0x00000000e0000000, 0x00000000e9680000, 0x0000000100000000)
  eden space 119296K, 0% used [0x00000000e0000000,0x00000000e0000000,0x00000000e7480000)
  from space 10752K, 69% used [0x00000000e7480000,0x00000000e7bcd1f8,0x00000000e7f00000)
  to   space 11264K, 0% used [0x00000000e8b80000,0x00000000e8b80000,0x00000000e9680000)
 ParOldGen       total 42496K, used 11216K [0x00000000a0000000, 0x00000000a2980000, 0x00000000e0000000)
  object space 42496K, 26% used [0x00000000a0000000,0x00000000a0af4088,0x00000000a2980000)
 Metaspace       used 30223K, capacity 30724K, committed 30976K, reserved 1075200K
  class space    used 4121K, capacity 4297K, committed 4352K, reserved 1048576K
}
Event: 5.182 GC heap before
{Heap before GC invocations=9 (full 1):
 PSYoungGen      total 130048K, used 40133K [0x00000000e0000000, 0x00000000e9680000, 0x0000000100000000)
  eden space 119296K, 27% used [0x00000000e0000000,0x00000000e1fe44b0,0x00000000e7480000)
  from space 10752K, 69% used [0x00000000e7480000,0x00000000e7bcd1f8,0x00000000e7f00000)
  to   space 11264K, 0% used [0x00000000e8b80000,0x00000000e8b80000,0x00000000e9680000)
 ParOldGen       total 42496K, used 11216K [0x00000000a0000000, 0x00000000a2980000, 0x00000000e0000000)
  object space 42496K, 26% used [0x00000000a0000000,0x00000000a0af4088,0x00000000a2980000)
 Metaspace       used 34679K, capacity 35186K, committed 35416K, reserved 1079296K
  class space    used 4719K, capacity 4941K, committed 4992K, reserved 1048576K
Event: 5.201 GC heap after
Heap after GC invocations=9 (full 1):
 PSYoungGen      total 142336K, used 9283K [0x00000000e0000000, 0x00000000ec480000, 0x0000000100000000)
  eden space 131072K, 0% used [0x00000000e0000000,0x00000000e0000000,0x00000000e8000000)
  from space 11264K, 82% used [0x00000000e8b80000,0x00000000e9490d60,0x00000000e9680000)
  to   space 11776K, 0% used [0x00000000e8000000,0x00000000e8000000,0x00000000e8b80000)
 ParOldGen       total 42496K, used 11224K [0x00000000a0000000, 0x00000000a2980000, 0x00000000e0000000)
  object space 42496K, 26% used [0x00000000a0000000,0x00000000a0af6088,0x00000000a2980000)
 Metaspace       used 34679K, capacity 35186K, committed 35416K, reserved 1079296K
  class space    used 4719K, capacity 4941K, committed 4992K, reserved 1048576K
}
Event: 5.201 GC heap before
{Heap before GC invocations=10 (full 2):
 PSYoungGen      total 142336K, used 9283K [0x00000000e0000000, 0x00000000ec480000, 0x0000000100000000)
  eden space 131072K, 0% used [0x00000000e0000000,0x00000000e0000000,0x00000000e8000000)
  from space 11264K, 82% used [0x00000000e8b80000,0x00000000e9490d60,0x00000000e9680000)
  to   space 11776K, 0% used [0x00000000e8000000,0x00000000e8000000,0x00000000e8b80000)
 ParOldGen       total 42496K, used 11224K [0x00000000a0000000, 0x00000000a2980000, 0x00000000e0000000)
  object space 42496K, 26% used [0x00000000a0000000,0x00000000a0af6088,0x00000000a2980000)
 Metaspace       used 34679K, capacity 35186K, committed 35416K, reserved 1079296K
  class space    used 4719K, capacity 4941K, committed 4992K, reserved 1048576K

