# JRE version: OpenJDK Runtime Environment (8.0_152-b01) (build 1.8.0_152-release-915-b01)
# Java VM: OpenJDK 64-Bit Server VM (25.152-b01 mixed mode linux-amd64 compressed oops)
Heap:
 PSYoungGen      total 185856K, used 5284K [0x00000000e0000000, 0x00000000ec200000, 0x0000000100000000)
  eden space 175104K, 0% used [0x00000000e0000000,0x00000000e0000000,0x00000000eab00000)
  from space 10752K, 49% used [0x00000000eb500000,0x00000000eba292a0,0x00000000ebf80000)
  to   space 10240K, 0% used [0x00000000eab00000,0x00000000eab00000,0x00000000eb500000)
 ParOldGen       total 27648K, used 11367K [0x00000000a0000000, 0x00000000a1b00000, 0x00000000e0000000)
  object space 27648K, 41% used [0x00000000a0000000,0x00000000a0b19d60,0x00000000a1b00000)
 Metaspace       used 34495K, capacity 35192K, committed 35416K, reserved 1079296K
  class space    used 4694K, capacity 4930K, committed 4992K, reserved 1048576K
GC Heap History (10 events):
Event: 4.433 GC heap after
Heap after GC invocations=7 (full 0):
 PSYoungGen      total 68608K, used 4052K [0x00000000e0000000, 0x00000000e8500000, 0x0000000100000000)
  eden space 59904K, 0% used [0x00000000e0000000,0x00000000e0000000,0x00000000e3a80000)
  from space 8704K, 46% used [0x00000000e3a80000,0x00000000e3e75050,0x00000000e4300000)
  to   space 8192K, 0% used [0x00000000e7d00000,0x00000000e7d00000,0x00000000e8500000)
 ParOldGen       total 40960K, used 8636K [0x00000000a0000000, 0x00000000a2800000, 0x00000000e0000000)
  object space 40960K, 21% used [0x00000000a0000000,0x00000000a086f388,0x00000000a2800000)
 Metaspace       used 20611K, capacity 21064K, committed 21248K, reserved 1067008K
  class space    used 2857K, capacity 3037K, committed 3072K, reserved 1048576K
}
Event: 4.433 GC heap before
{Heap before GC invocations=8 (full 1):
 PSYoungGen      total 68608K, used 4052K [0x00000000e0000000, 0x00000000e8500000, 0x0000000100000000)
  eden space 59904K, 0% used [0x00000000e0000000,0x00000000e0000000,0x00000000e3a80000)
  from space 8704K, 46% used [0x00000000e3a80000,0x00000000e3e75050,0x00000000e4300000)
  to   space 8192K, 0% used [0x00000000e7d00000,0x00000000e7d00000,0x00000000e8500000)
 ParOldGen       total 40960K, used 8636K [0x00000000a0000000, 0x00000000a2800000, 0x00000000e0000000)
  object space 40960K, 21% used [0x00000000a0000000,0x00000000a086f388,0x00000000a2800000)
 Metaspace       used 20611K, capacity 21064K, committed 21248K, reserved 1067008K
  class space    used 2857K, capacity 3037K, committed 3072K, reserved 1048576K
Event: 4.494 GC heap after
Heap after GC invocations=8 (full 1):
 PSYoungGen      total 68608K, used 0K [0x00000000e0000000, 0x00000000e8500000, 0x0000000100000000)
  eden space 59904K, 0% used [0x00000000e0000000,0x00000000e0000000,0x00000000e3a80000)
  from space 8704K, 0% used [0x00000000e3a80000,0x00000000e3a80000,0x00000000e4300000)
  to   space 8192K, 0% used [0x00000000e7d00000,0x00000000e7d00000,0x00000000e8500000)
 ParOldGen       total 27648K, used 6486K [0x00000000a0000000, 0x00000000a1b00000, 0x00000000e0000000)
  object space 27648K, 23% used [0x00000000a0000000,0x00000000a0655a00,0x00000000a1b00000)
 Metaspace       used 20611K, capacity 21064K, committed 21248K, reserved 1067008K
  class space    used 2857K, capacity 3037K, committed 3072K, reserved 1048576K
}
Event: 5.665 GC heap before
{Heap before GC invocations=9 (full 1):
 PSYoungGen      total 68608K, used 59904K [0x00000000e0000000, 0x00000000e8500000, 0x0000000100000000)
  eden space 59904K, 100% used [0x00000000e0000000,0x00000000e3a80000,0x00000000e3a80000)
  from space 8704K, 0% used [0x00000000e3a80000,0x00000000e3a80000,0x00000000e4300000)
  to   space 8192K, 0% used [0x00000000e7d00000,0x00000000e7d00000,0x00000000e8500000)
 ParOldGen       total 27648K, used 6486K [0x00000000a0000000, 0x00000000a1b00000, 0x00000000e0000000)
  object space 27648K, 23% used [0x00000000a0000000,0x00000000a0655a00,0x00000000a1b00000)
 Metaspace       used 25336K, capacity 25856K, committed 26240K, reserved 1071104K
  class space    used 3453K, capacity 3665K, committed 3712K, reserved 1048576K
Event: 5.685 GC heap after
Heap after GC invocations=9 (full 1):
 PSYoungGen      total 121344K, used 6673K [0x00000000e0000000, 0x00000000e8400000, 0x0000000100000000)
  eden space 114176K, 0% used [0x00000000e0000000,0x00000000e0000000,0x00000000e6f80000)
  from space 7168K, 93% used [0x00000000e7d00000,0x00000000e8384618,0x00000000e8400000)
  to   space 8704K, 0% used [0x00000000e7300000,0x00000000e7300000,0x00000000e7b80000)
 ParOldGen       total 27648K, used 6494K [0x00000000a0000000, 0x00000000a1b00000, 0x00000000e0000000)
  object space 27648K, 23% used [0x00000000a0000000,0x00000000a0657a00,0x00000000a1b00000)
 Metaspace       used 25336K, capacity 25856K, committed 26240K, reserved 1071104K
  class space    used 3453K, capacity 3665K, committed 3712K, reserved 1048576K
}
Event: 8.052 GC heap before
{Heap before GC invocations=10 (full 1):
 PSYoungGen      total 121344K, used 120849K [0x00000000e0000000, 0x00000000e8400000, 0x0000000100000000)
  eden space 114176K, 100% used [0x00000000e0000000,0x00000000e6f80000,0x00000000e6f80000)
  from space 7168K, 93% used [0x00000000e7d00000,0x00000000e8384618,0x00000000e8400000)
  to   space 8704K, 0% used [0x00000000e7300000,0x00000000e7300000,0x00000000e7b80000)
 ParOldGen       total 27648K, used 6494K [0x00000000a0000000, 0x00000000a1b00000, 0x00000000e0000000)
  object space 27648K, 23% used [0x00000000a0000000,0x00000000a0657a00,0x00000000a1b00000)
 Metaspace       used 31266K, capacity 31904K, committed 32128K, reserved 1077248K
  class space    used 4258K, capacity 4467K, committed 4480K, reserved 1048576K
Event: 8.067 GC heap after
Heap after GC invocations=10 (full 1):
 PSYoungGen      total 126464K, used 8699K [0x00000000e0000000, 0x00000000ebf80000, 0x0000000100000000)
  eden space 117760K, 0% used [0x00000000e0000000,0x00000000e0000000,0x00000000e7300000)
  from space 8704K, 99% used [0x00000000e7300000,0x00000000e7b7ec98,0x00000000e7b80000)
  to   space 10752K, 0% used [0x00000000eb500000,0x00000000eb500000,0x00000000ebf80000)
 ParOldGen       total 27648K, used 8106K [0x00000000a0000000, 0x00000000a1b00000, 0x00000000e0000000)
  object space 27648K, 29% used [0x00000000a0000000,0x00000000a07eaa00,0x00000000a1b00000)
 Metaspace       used 31266K, capacity 31904K, committed 32128K, reserved 1077248K
  class space    used 4258K, capacity 4467K, committed 4480K, reserved 1048576K
}
Event: 8.554 GC heap before
{Heap before GC invocations=11 (full 1):
 PSYoungGen      total 126464K, used 24882K [0x00000000e0000000, 0x00000000ebf80000, 0x0000000100000000)
  eden space 117760K, 13% used [0x00000000e0000000,0x00000000e0fcded0,0x00000000e7300000)
  from space 8704K, 99% used [0x00000000e7300000,0x00000000e7b7ec98,0x00000000e7b80000)
  to   space 10752K, 0% used [0x00000000eb500000,0x00000000eb500000,0x00000000ebf80000)
 ParOldGen       total 27648K, used 8106K [0x00000000a0000000, 0x00000000a1b00000, 0x00000000e0000000)
  object space 27648K, 29% used [0x00000000a0000000,0x00000000a07eaa00,0x00000000a1b00000)
 Metaspace       used 34495K, capacity 35192K, committed 35416K, reserved 1079296K
  class space    used 4694K, capacity 4930K, committed 4992K, reserved 1048576K
Event: 8.567 GC heap after
Heap after GC invocations=11 (full 1):
 PSYoungGen      total 185856K, used 5284K [0x00000000e0000000, 0x00000000ec200000, 0x0000000100000000)
  eden space 175104K, 0% used [0x00000000e0000000,0x00000000e0000000,0x00000000eab00000)
  from space 10752K, 49% used [0x00000000eb500000,0x00000000eba292a0,0x00000000ebf80000)
  to   space 10240K, 0% used [0x00000000eab00000,0x00000000eab00000,0x00000000eb500000)
 ParOldGen       total 27648K, used 11367K [0x00000000a0000000, 0x00000000a1b00000, 0x00000000e0000000)
  object space 27648K, 41% used [0x00000000a0000000,0x00000000a0b19d60,0x00000000a1b00000)
 Metaspace       used 34495K, capacity 35192K, committed 35416K, reserved 1079296K
  class space    used 4694K, capacity 4930K, committed 4992K, reserved 1048576K
}
Event: 8.567 GC heap before
{Heap before GC invocations=12 (full 2):
 PSYoungGen      total 185856K, used 5284K [0x00000000e0000000, 0x00000000ec200000, 0x0000000100000000)
  eden space 175104K, 0% used [0x00000000e0000000,0x00000000e0000000,0x00000000eab00000)
  from space 10752K, 49% used [0x00000000eb500000,0x00000000eba292a0,0x00000000ebf80000)
  to   space 10240K, 0% used [0x00000000eab00000,0x00000000eab00000,0x00000000eb500000)
 ParOldGen       total 27648K, used 11367K [0x00000000a0000000, 0x00000000a1b00000, 0x00000000e0000000)
  object space 27648K, 41% used [0x00000000a0000000,0x00000000a0b19d60,0x00000000a1b00000)
 Metaspace       used 34495K, capacity 35192K, committed 35416K, reserved 1079296K
  class space    used 4694K, capacity 4930K, committed 4992K, reserved 1048576K

