# JRE version: OpenJDK Runtime Environment (8.0_152-b01) (build 1.8.0_152-release-915-b01)
# Java VM: OpenJDK 64-Bit Server VM (25.152-b01 mixed mode linux-amd64 compressed oops)
Heap:
 PSYoungGen      total 458752K, used 289160K [0x00000000e0000000, 0x00000000ffb00000, 0x0000000100000000)
  eden space 395776K, 66% used [0x00000000e0000000,0x00000000f006f7b8,0x00000000f8280000)
  from space 62976K, 42% used [0x00000000f8280000,0x00000000f9c72a20,0x00000000fc000000)
  to   space 60416K, 0% used [0x00000000fc000000,0x00000000fc000000,0x00000000ffb00000)
 ParOldGen       total 192000K, used 146842K [0x00000000a0000000, 0x00000000abb80000, 0x00000000e0000000)
  object space 192000K, 76% used [0x00000000a0000000,0x00000000a8f66840,0x00000000abb80000)
 Metaspace       used 95607K, capacity 105170K, committed 105432K, reserved 1140736K
  class space    used 11937K, capacity 14298K, committed 14336K, reserved 1048576K
GC Heap History (10 events):
Event: 4789.493 GC heap before
{Heap before GC invocations=50 (full 4):
 PSYoungGen      total 453120K, used 423344K [0x00000000e0000000, 0x00000000ffd80000, 0x0000000100000000)
  eden space 387584K, 100% used [0x00000000e0000000,0x00000000f7a80000,0x00000000f7a80000)
  from space 65536K, 54% used [0x00000000fbd80000,0x00000000fe06c3e8,0x00000000ffd80000)
  to   space 67072K, 0% used [0x00000000f7a80000,0x00000000f7a80000,0x00000000fbc00000)
 ParOldGen       total 192000K, used 145799K [0x00000000a0000000, 0x00000000abb80000, 0x00000000e0000000)
  object space 192000K, 75% used [0x00000000a0000000,0x00000000a8e61c00,0x00000000abb80000)
 Metaspace       used 94174K, capacity 103128K, committed 103384K, reserved 1138688K
  class space    used 11804K, capacity 13969K, committed 14080K, reserved 1048576K
Event: 4789.542 GC heap after
Heap after GC invocations=50 (full 4):
 PSYoungGen      total 454656K, used 36153K [0x00000000e0000000, 0x00000000ffe80000, 0x0000000100000000)
  eden space 387584K, 0% used [0x00000000e0000000,0x00000000e0000000,0x00000000f7a80000)
  from space 67072K, 53% used [0x00000000f7a80000,0x00000000f9dce440,0x00000000fbc00000)
  to   space 65536K, 0% used [0x00000000fbe80000,0x00000000fbe80000,0x00000000ffe80000)
 ParOldGen       total 192000K, used 146113K [0x00000000a0000000, 0x00000000abb80000, 0x00000000e0000000)
  object space 192000K, 76% used [0x00000000a0000000,0x00000000a8eb0570,0x00000000abb80000)
 Metaspace       used 94174K, capacity 103128K, committed 103384K, reserved 1138688K
  class space    used 11804K, capacity 13969K, committed 14080K, reserved 1048576K
}
Event: 4791.124 GC heap before
{Heap before GC invocations=51 (full 4):
 PSYoungGen      total 454656K, used 422719K [0x00000000e0000000, 0x00000000ffe80000, 0x0000000100000000)
  eden space 387584K, 99% used [0x00000000e0000000,0x00000000f7981b88,0x00000000f7a80000)
  from space 67072K, 53% used [0x00000000f7a80000,0x00000000f9dce440,0x00000000fbc00000)
  to   space 65536K, 0% used [0x00000000fbe80000,0x00000000fbe80000,0x00000000ffe80000)
 ParOldGen       total 192000K, used 146113K [0x00000000a0000000, 0x00000000abb80000, 0x00000000e0000000)
  object space 192000K, 76% used [0x00000000a0000000,0x00000000a8eb0570,0x00000000abb80000)
 Metaspace       used 94483K, capacity 103552K, committed 103640K, reserved 1138688K
  class space    used 11830K, capacity 14017K, committed 14080K, reserved 1048576K
Event: 4791.148 GC heap after
Heap after GC invocations=51 (full 4):
 PSYoungGen      total 452096K, used 25231K [0x00000000e0000000, 0x00000000ff980000, 0x0000000100000000)
  eden space 391680K, 0% used [0x00000000e0000000,0x00000000e0000000,0x00000000f7e80000)
  from space 60416K, 41% used [0x00000000fbe80000,0x00000000fd723f50,0x00000000ff980000)
  to   space 62976K, 0% used [0x00000000f7e80000,0x00000000f7e80000,0x00000000fbc00000)
 ParOldGen       total 192000K, used 146327K [0x00000000a0000000, 0x00000000abb80000, 0x00000000e0000000)
  object space 192000K, 76% used [0x00000000a0000000,0x00000000a8ee5ed0,0x00000000abb80000)
 Metaspace       used 94483K, capacity 103552K, committed 103640K, reserved 1138688K
  class space    used 11830K, capacity 14017K, committed 14080K, reserved 1048576K
}
Event: 4933.415 GC heap before
{Heap before GC invocations=52 (full 4):
 PSYoungGen      total 452096K, used 416911K [0x00000000e0000000, 0x00000000ff980000, 0x0000000100000000)
  eden space 391680K, 100% used [0x00000000e0000000,0x00000000f7e80000,0x00000000f7e80000)
  from space 60416K, 41% used [0x00000000fbe80000,0x00000000fd723f50,0x00000000ff980000)
  to   space 62976K, 0% used [0x00000000f7e80000,0x00000000f7e80000,0x00000000fbc00000)
 ParOldGen       total 192000K, used 146327K [0x00000000a0000000, 0x00000000abb80000, 0x00000000e0000000)
  object space 192000K, 76% used [0x00000000a0000000,0x00000000a8ee5ed0,0x00000000abb80000)
 Metaspace       used 94887K, capacity 104162K, committed 104280K, reserved 1138688K
  class space    used 11868K, capacity 14106K, committed 14208K, reserved 1048576K
Event: 4933.516 GC heap after
Heap after GC invocations=52 (full 4):
 PSYoungGen      total 454656K, used 45332K [0x00000000e0000000, 0x0000000100000000, 0x0000000100000000)
  eden space 391680K, 0% used [0x00000000e0000000,0x00000000e0000000,0x00000000f7e80000)
  from space 62976K, 71% used [0x00000000f7e80000,0x00000000faac5010,0x00000000fbc00000)
  to   space 65536K, 0% used [0x00000000fc000000,0x00000000fc000000,0x0000000100000000)
 ParOldGen       total 192000K, used 146535K [0x00000000a0000000, 0x00000000abb80000, 0x00000000e0000000)
  object space 192000K, 76% used [0x00000000a0000000,0x00000000a8f19ed0,0x00000000abb80000)
 Metaspace       used 94887K, capacity 104162K, committed 104280K, reserved 1138688K
  class space    used 11868K, capacity 14106K, committed 14208K, reserved 1048576K
}
Event: 4994.215 GC heap before
{Heap before GC invocations=53 (full 4):
 PSYoungGen      total 454656K, used 433811K [0x00000000e0000000, 0x0000000100000000, 0x0000000100000000)
  eden space 391680K, 99% used [0x00000000e0000000,0x00000000f7b5ff30,0x00000000f7e80000)
  from space 62976K, 71% used [0x00000000f7e80000,0x00000000faac5010,0x00000000fbc00000)
  to   space 65536K, 0% used [0x00000000fc000000,0x00000000fc000000,0x0000000100000000)
 ParOldGen       total 192000K, used 146535K [0x00000000a0000000, 0x00000000abb80000, 0x00000000e0000000)
  object space 192000K, 76% used [0x00000000a0000000,0x00000000a8f19ed0,0x00000000abb80000)
 Metaspace       used 95000K, capacity 104378K, committed 104536K, reserved 1140736K
  class space    used 11881K, capacity 14178K, committed 14208K, reserved 1048576K
Event: 4994.242 GC heap after
Heap after GC invocations=53 (full 4):
 PSYoungGen      total 458752K, used 25720K [0x00000000e0000000, 0x00000000ffd80000, 0x0000000100000000)
  eden space 395776K, 0% used [0x00000000e0000000,0x00000000e0000000,0x00000000f8280000)
  from space 62976K, 40% used [0x00000000fc000000,0x00000000fd91e0b8,0x00000000ffd80000)
  to   space 62976K, 0% used [0x00000000f8280000,0x00000000f8280000,0x00000000fc000000)
 ParOldGen       total 192000K, used 146738K [0x00000000a0000000, 0x00000000abb80000, 0x00000000e0000000)
  object space 192000K, 76% used [0x00000000a0000000,0x00000000a8f4c840,0x00000000abb80000)
 Metaspace       used 95000K, capacity 104378K, committed 104536K, reserved 1140736K
  class space    used 11881K, capacity 14178K, committed 14208K, reserved 1048576K
}
Event: 4995.429 GC heap before
{Heap before GC invocations=54 (full 4):
 PSYoungGen      total 458752K, used 420562K [0x00000000e0000000, 0x00000000ffd80000, 0x0000000100000000)
  eden space 395776K, 99% used [0x00000000e0000000,0x00000000f8196b18,0x00000000f8280000)
  from space 62976K, 40% used [0x00000000fc000000,0x00000000fd91e0b8,0x00000000ffd80000)
  to   space 62976K, 0% used [0x00000000f8280000,0x00000000f8280000,0x00000000fc000000)
 ParOldGen       total 192000K, used 146738K [0x00000000a0000000, 0x00000000abb80000, 0x00000000e0000000)
  object space 192000K, 76% used [0x00000000a0000000,0x00000000a8f4c840,0x00000000abb80000)
 Metaspace       used 95290K, capacity 104746K, committed 104920K, reserved 1140736K
  class space    used 11904K, capacity 14218K, committed 14336K, reserved 1048576K
Event: 4995.446 GC heap after
Heap after GC invocations=54 (full 4):
 PSYoungGen      total 458752K, used 26570K [0x00000000e0000000, 0x00000000ffb00000, 0x0000000100000000)
  eden space 395776K, 0% used [0x00000000e0000000,0x00000000e0000000,0x00000000f8280000)
  from space 62976K, 42% used [0x00000000f8280000,0x00000000f9c72a20,0x00000000fc000000)
  to   space 60416K, 0% used [0x00000000fc000000,0x00000000fc000000,0x00000000ffb00000)
 ParOldGen       total 192000K, used 146842K [0x00000000a0000000, 0x00000000abb80000, 0x00000000e0000000)
  object space 192000K, 76% used [0x00000000a0000000,0x00000000a8f66840,0x00000000abb80000)
 Metaspace       used 95290K, capacity 104746K, committed 104920K, reserved 1140736K
  class space    used 11904K, capacity 14218K, committed 14336K, reserved 1048576K
}

