# JRE version: OpenJDK Runtime Environment (8.0_152-b01) (build 1.8.0_152-release-915-b01)
# Java VM: OpenJDK 64-Bit Server VM (25.152-b01 mixed mode linux-amd64 compressed oops)
Heap:
 PSYoungGen      total 228352K, used 19486K [0x00000000e0000000, 0x00000000f1900000, 0x0000000100000000)
  eden space 203264K, 0% used [0x00000000e0000000,0x00000000e0000000,0x00000000ec680000)
  from space 25088K, 77% used [0x00000000ee100000,0x00000000ef407bb8,0x00000000ef980000)
  to   space 27136K, 0% used [0x00000000ec680000,0x00000000ec680000,0x00000000ee100000)
 ParOldGen       total 58880K, used 33608K [0x00000000a0000000, 0x00000000a3980000, 0x00000000e0000000)
  object space 58880K, 57% used [0x00000000a0000000,0x00000000a20d2190,0x00000000a3980000)
 Metaspace       used 57167K, capacity 58940K, committed 58968K, reserved 1099776K
  class space    used 7806K, capacity 8309K, committed 8320K, reserved 1048576K
GC Heap History (10 events):
Event: 5.505 GC heap after
Heap after GC invocations=10 (full 2):
 PSYoungGen      total 145408K, used 0K [0x00000000e0000000, 0x00000000ecb80000, 0x0000000100000000)
  eden space 133120K, 0% used [0x00000000e0000000,0x00000000e0000000,0x00000000e8200000)
  from space 12288K, 0% used [0x00000000e8f00000,0x00000000e8f00000,0x00000000e9b00000)
  to   space 13312K, 0% used [0x00000000e8200000,0x00000000e8200000,0x00000000e8f00000)
 ParOldGen       total 58880K, used 16102K [0x00000000a0000000, 0x00000000a3980000, 0x00000000e0000000)
  object space 58880K, 27% used [0x00000000a0000000,0x00000000a0fb9a60,0x00000000a3980000)
 Metaspace       used 34537K, capacity 35252K, committed 35416K, reserved 1079296K
  class space    used 4710K, capacity 4981K, committed 4992K, reserved 1048576K
}
Event: 9.483 GC heap before
{Heap before GC invocations=11 (full 2):
 PSYoungGen      total 145408K, used 133120K [0x00000000e0000000, 0x00000000ecb80000, 0x0000000100000000)
  eden space 133120K, 100% used [0x00000000e0000000,0x00000000e8200000,0x00000000e8200000)
  from space 12288K, 0% used [0x00000000e8f00000,0x00000000e8f00000,0x00000000e9b00000)
  to   space 13312K, 0% used [0x00000000e8200000,0x00000000e8200000,0x00000000e8f00000)
 ParOldGen       total 58880K, used 16102K [0x00000000a0000000, 0x00000000a3980000, 0x00000000e0000000)
  object space 58880K, 27% used [0x00000000a0000000,0x00000000a0fb9a60,0x00000000a3980000)
 Metaspace       used 43691K, capacity 44572K, committed 44888K, reserved 1087488K
  class space    used 5848K, capacity 6189K, committed 6272K, reserved 1048576K
Event: 9.512 GC heap after
Heap after GC invocations=11 (full 2):
 PSYoungGen      total 146432K, used 11130K [0x00000000e0000000, 0x00000000ebf00000, 0x0000000100000000)
  eden space 133120K, 0% used [0x00000000e0000000,0x00000000e0000000,0x00000000e8200000)
  from space 13312K, 83% used [0x00000000e8200000,0x00000000e8cdeac8,0x00000000e8f00000)
  to   space 14336K, 0% used [0x00000000eb100000,0x00000000eb100000,0x00000000ebf00000)
 ParOldGen       total 58880K, used 16110K [0x00000000a0000000, 0x00000000a3980000, 0x00000000e0000000)
  object space 58880K, 27% used [0x00000000a0000000,0x00000000a0fbba60,0x00000000a3980000)
 Metaspace       used 43691K, capacity 44572K, committed 44888K, reserved 1087488K
  class space    used 5848K, capacity 6189K, committed 6272K, reserved 1048576K
}
Event: 11.375 GC heap before
{Heap before GC invocations=12 (full 2):
 PSYoungGen      total 146432K, used 144250K [0x00000000e0000000, 0x00000000ebf00000, 0x0000000100000000)
  eden space 133120K, 100% used [0x00000000e0000000,0x00000000e8200000,0x00000000e8200000)
  from space 13312K, 83% used [0x00000000e8200000,0x00000000e8cdeac8,0x00000000e8f00000)
  to   space 14336K, 0% used [0x00000000eb100000,0x00000000eb100000,0x00000000ebf00000)
 ParOldGen       total 58880K, used 16110K [0x00000000a0000000, 0x00000000a3980000, 0x00000000e0000000)
  object space 58880K, 27% used [0x00000000a0000000,0x00000000a0fbba60,0x00000000a3980000)
 Metaspace       used 50222K, capacity 51364K, committed 51672K, reserved 1093632K
  class space    used 6722K, capacity 7098K, committed 7168K, reserved 1048576K
Event: 11.400 GC heap after
Heap after GC invocations=12 (full 2):
 PSYoungGen      total 178176K, used 14329K [0x00000000e0000000, 0x00000000ec380000, 0x0000000100000000)
  eden space 163840K, 0% used [0x00000000e0000000,0x00000000e0000000,0x00000000ea000000)
  from space 14336K, 99% used [0x00000000eb100000,0x00000000ebefe4c0,0x00000000ebf00000)
  to   space 17408K, 0% used [0x00000000ea000000,0x00000000ea000000,0x00000000eb100000)
 ParOldGen       total 58880K, used 19342K [0x00000000a0000000, 0x00000000a3980000, 0x00000000e0000000)
  object space 58880K, 32% used [0x00000000a0000000,0x00000000a12e3aa0,0x00000000a3980000)
 Metaspace       used 50222K, capacity 51364K, committed 51672K, reserved 1093632K
  class space    used 6722K, capacity 7098K, committed 7168K, reserved 1048576K
}
Event: 13.644 GC heap before
{Heap before GC invocations=13 (full 2):
 PSYoungGen      total 178176K, used 178169K [0x00000000e0000000, 0x00000000ec380000, 0x0000000100000000)
  eden space 163840K, 100% used [0x00000000e0000000,0x00000000ea000000,0x00000000ea000000)
  from space 14336K, 99% used [0x00000000eb100000,0x00000000ebefe4c0,0x00000000ebf00000)
  to   space 17408K, 0% used [0x00000000ea000000,0x00000000ea000000,0x00000000eb100000)
 ParOldGen       total 58880K, used 19342K [0x00000000a0000000, 0x00000000a3980000, 0x00000000e0000000)
  object space 58880K, 32% used [0x00000000a0000000,0x00000000a12e3aa0,0x00000000a3980000)
 Metaspace       used 57086K, capacity 58900K, committed 58968K, reserved 1099776K
  class space    used 7786K, capacity 8293K, committed 8320K, reserved 1048576K
Event: 13.699 GC heap after
Heap after GC invocations=13 (full 2):
 PSYoungGen      total 181248K, used 17406K [0x00000000e0000000, 0x00000000ef980000, 0x0000000100000000)
  eden space 163840K, 0% used [0x00000000e0000000,0x00000000e0000000,0x00000000ea000000)
  from space 17408K, 99% used [0x00000000ea000000,0x00000000eb0ffbb8,0x00000000eb100000)
  to   space 25088K, 0% used [0x00000000ee100000,0x00000000ee100000,0x00000000ef980000)
 ParOldGen       total 58880K, used 33608K [0x00000000a0000000, 0x00000000a3980000, 0x00000000e0000000)
  object space 58880K, 57% used [0x00000000a0000000,0x00000000a20d2190,0x00000000a3980000)
 Metaspace       used 57086K, capacity 58900K, committed 58968K, reserved 1099776K
  class space    used 7786K, capacity 8293K, committed 8320K, reserved 1048576K
}
Event: 13.817 GC heap before
{Heap before GC invocations=14 (full 2):
 PSYoungGen      total 181248K, used 34713K [0x00000000e0000000, 0x00000000ef980000, 0x0000000100000000)
  eden space 163840K, 10% used [0x00000000e0000000,0x00000000e10e6c00,0x00000000ea000000)
  from space 17408K, 99% used [0x00000000ea000000,0x00000000eb0ffbb8,0x00000000eb100000)
  to   space 25088K, 0% used [0x00000000ee100000,0x00000000ee100000,0x00000000ef980000)
 ParOldGen       total 58880K, used 33608K [0x00000000a0000000, 0x00000000a3980000, 0x00000000e0000000)
  object space 58880K, 57% used [0x00000000a0000000,0x00000000a20d2190,0x00000000a3980000)
 Metaspace       used 57167K, capacity 58940K, committed 58968K, reserved 1099776K
  class space    used 7806K, capacity 8309K, committed 8320K, reserved 1048576K
Event: 13.847 GC heap after
Heap after GC invocations=14 (full 2):
 PSYoungGen      total 228352K, used 19486K [0x00000000e0000000, 0x00000000f1900000, 0x0000000100000000)
  eden space 203264K, 0% used [0x00000000e0000000,0x00000000e0000000,0x00000000ec680000)
  from space 25088K, 77% used [0x00000000ee100000,0x00000000ef407bb8,0x00000000ef980000)
  to   space 27136K, 0% used [0x00000000ec680000,0x00000000ec680000,0x00000000ee100000)
 ParOldGen       total 58880K, used 33608K [0x00000000a0000000, 0x00000000a3980000, 0x00000000e0000000)
  object space 58880K, 57% used [0x00000000a0000000,0x00000000a20d2190,0x00000000a3980000)
 Metaspace       used 57167K, capacity 58940K, committed 58968K, reserved 1099776K
  class space    used 7806K, capacity 8309K, committed 8320K, reserved 1048576K
}
Event: 13.847 GC heap before
{Heap before GC invocations=15 (full 3):
 PSYoungGen      total 228352K, used 19486K [0x00000000e0000000, 0x00000000f1900000, 0x0000000100000000)
  eden space 203264K, 0% used [0x00000000e0000000,0x00000000e0000000,0x00000000ec680000)
  from space 25088K, 77% used [0x00000000ee100000,0x00000000ef407bb8,0x00000000ef980000)
  to   space 27136K, 0% used [0x00000000ec680000,0x00000000ec680000,0x00000000ee100000)
 ParOldGen       total 58880K, used 33608K [0x00000000a0000000, 0x00000000a3980000, 0x00000000e0000000)
  object space 58880K, 57% used [0x00000000a0000000,0x00000000a20d2190,0x00000000a3980000)
 Metaspace       used 57167K, capacity 58940K, committed 58968K, reserved 1099776K
  class space    used 7806K, capacity 8309K, committed 8320K, reserved 1048576K

