# JRE version: OpenJDK Runtime Environment (8.0_152-b01) (build 1.8.0_152-release-915-b01)
# Java VM: OpenJDK 64-Bit Server VM (25.152-b01 mixed mode linux-amd64 compressed oops)
Heap:
 PSYoungGen      total 64000K, used 43811K [0x00000000e0000000, 0x00000000e4100000, 0x0000000100000000)
  eden space 61440K, 67% used [0x00000000e0000000,0x00000000e2850d80,0x00000000e3c00000)
  from space 2560K, 98% used [0x00000000e3e80000,0x00000000e40f8030,0x00000000e4100000)
  to   space 2560K, 99% used [0x00000000e3c00000,0x00000000e3e7d030,0x00000000e3e80000)
 ParOldGen       total 40960K, used 14350K [0x00000000a0000000, 0x00000000a2800000, 0x00000000e0000000)
  object space 40960K, 35% used [0x00000000a0000000,0x00000000a0e03998,0x00000000a2800000)
 Metaspace       used 20751K, capacity 21096K, committed 21248K, reserved 1067008K
  class space    used 2867K, capacity 3018K, committed 3072K, reserved 1048576K
GC Heap History (9 events):
Event: 0.342 GC heap before
{Heap before GC invocations=1 (full 0):
 PSYoungGen      total 17920K, used 15360K [0x00000000e0000000, 0x00000000e1400000, 0x0000000100000000)
  eden space 15360K, 100% used [0x00000000e0000000,0x00000000e0f00000,0x00000000e0f00000)
  from space 2560K, 0% used [0x00000000e1180000,0x00000000e1180000,0x00000000e1400000)
  to   space 2560K, 0% used [0x00000000e0f00000,0x00000000e0f00000,0x00000000e1180000)
 ParOldGen       total 40960K, used 0K [0x00000000a0000000, 0x00000000a2800000, 0x00000000e0000000)
  object space 40960K, 0% used [0x00000000a0000000,0x00000000a0000000,0x00000000a2800000)
 Metaspace       used 5941K, capacity 6094K, committed 6272K, reserved 1056768K
  class space    used 727K, capacity 779K, committed 896K, reserved 1048576K
Event: 0.347 GC heap after
Heap after GC invocations=1 (full 0):
 PSYoungGen      total 17920K, used 2553K [0x00000000e0000000, 0x00000000e2300000, 0x0000000100000000)
  eden space 15360K, 0% used [0x00000000e0000000,0x00000000e0000000,0x00000000e0f00000)
  from space 2560K, 99% used [0x00000000e0f00000,0x00000000e117e748,0x00000000e1180000)
  to   space 2560K, 0% used [0x00000000e2080000,0x00000000e2080000,0x00000000e2300000)
 ParOldGen       total 40960K, used 284K [0x00000000a0000000, 0x00000000a2800000, 0x00000000e0000000)
  object space 40960K, 0% used [0x00000000a0000000,0x00000000a00473f8,0x00000000a2800000)
 Metaspace       used 5941K, capacity 6094K, committed 6272K, reserved 1056768K
  class space    used 727K, capacity 779K, committed 896K, reserved 1048576K
}
Event: 0.481 GC heap before
{Heap before GC invocations=2 (full 0):
 PSYoungGen      total 17920K, used 17913K [0x00000000e0000000, 0x00000000e2300000, 0x0000000100000000)
  eden space 15360K, 100% used [0x00000000e0000000,0x00000000e0f00000,0x00000000e0f00000)
  from space 2560K, 99% used [0x00000000e0f00000,0x00000000e117e748,0x00000000e1180000)
  to   space 2560K, 0% used [0x00000000e2080000,0x00000000e2080000,0x00000000e2300000)
 ParOldGen       total 40960K, used 284K [0x00000000a0000000, 0x00000000a2800000, 0x00000000e0000000)
  object space 40960K, 0% used [0x00000000a0000000,0x00000000a00473f8,0x00000000a2800000)
 Metaspace       used 6782K, capacity 6990K, committed 7168K, reserved 1056768K
  class space    used 828K, capacity 907K, committed 1024K, reserved 1048576K
Event: 0.485 GC heap after
Heap after GC invocations=2 (full 0):
 PSYoungGen      total 33280K, used 2376K [0x00000000e0000000, 0x00000000e2300000, 0x0000000100000000)
  eden space 30720K, 0% used [0x00000000e0000000,0x00000000e0000000,0x00000000e1e00000)
  from space 2560K, 92% used [0x00000000e2080000,0x00000000e22d23d0,0x00000000e2300000)
  to   space 2560K, 0% used [0x00000000e1e00000,0x00000000e1e00000,0x00000000e2080000)
 ParOldGen       total 40960K, used 292K [0x00000000a0000000, 0x00000000a2800000, 0x00000000e0000000)
  object space 40960K, 0% used [0x00000000a0000000,0x00000000a00493f8,0x00000000a2800000)
 Metaspace       used 6782K, capacity 6990K, committed 7168K, reserved 1056768K
  class space    used 828K, capacity 907K, committed 1024K, reserved 1048576K
}
Event: 0.916 GC heap before
{Heap before GC invocations=3 (full 0):
 PSYoungGen      total 33280K, used 33096K [0x00000000e0000000, 0x00000000e2300000, 0x0000000100000000)
  eden space 30720K, 100% used [0x00000000e0000000,0x00000000e1e00000,0x00000000e1e00000)
  from space 2560K, 92% used [0x00000000e2080000,0x00000000e22d23d0,0x00000000e2300000)
  to   space 2560K, 0% used [0x00000000e1e00000,0x00000000e1e00000,0x00000000e2080000)
 ParOldGen       total 40960K, used 292K [0x00000000a0000000, 0x00000000a2800000, 0x00000000e0000000)
  object space 40960K, 0% used [0x00000000a0000000,0x00000000a00493f8,0x00000000a2800000)
 Metaspace       used 11593K, capacity 11968K, committed 12160K, reserved 1060864K
  class space    used 1553K, capacity 1664K, committed 1664K, reserved 1048576K
Event: 0.923 GC heap after
Heap after GC invocations=3 (full 0):
 PSYoungGen      total 33280K, used 2528K [0x00000000e0000000, 0x00000000e4100000, 0x0000000100000000)
  eden space 30720K, 0% used [0x00000000e0000000,0x00000000e0000000,0x00000000e1e00000)
  from space 2560K, 98% used [0x00000000e1e00000,0x00000000e2078010,0x00000000e2080000)
  to   space 2560K, 0% used [0x00000000e3e80000,0x00000000e3e80000,0x00000000e4100000)
 ParOldGen       total 40960K, used 3420K [0x00000000a0000000, 0x00000000a2800000, 0x00000000e0000000)
  object space 40960K, 8% used [0x00000000a0000000,0x00000000a03570d8,0x00000000a2800000)
 Metaspace       used 11593K, capacity 11968K, committed 12160K, reserved 1060864K
  class space    used 1553K, capacity 1664K, committed 1664K, reserved 1048576K
}
Event: 1.242 GC heap before
{Heap before GC invocations=4 (full 0):
 PSYoungGen      total 33280K, used 33248K [0x00000000e0000000, 0x00000000e4100000, 0x0000000100000000)
  eden space 30720K, 100% used [0x00000000e0000000,0x00000000e1e00000,0x00000000e1e00000)
  from space 2560K, 98% used [0x00000000e1e00000,0x00000000e2078010,0x00000000e2080000)
  to   space 2560K, 0% used [0x00000000e3e80000,0x00000000e3e80000,0x00000000e4100000)
 ParOldGen       total 40960K, used 3420K [0x00000000a0000000, 0x00000000a2800000, 0x00000000e0000000)
  object space 40960K, 8% used [0x00000000a0000000,0x00000000a03570d8,0x00000000a2800000)
 Metaspace       used 14494K, capacity 14788K, committed 15104K, reserved 1062912K
  class space    used 2067K, capacity 2178K, committed 2304K, reserved 1048576K
Event: 1.253 GC heap after
Heap after GC invocations=4 (full 0):
 PSYoungGen      total 64000K, used 2528K [0x00000000e0000000, 0x00000000e4100000, 0x0000000100000000)
  eden space 61440K, 0% used [0x00000000e0000000,0x00000000e0000000,0x00000000e3c00000)
  from space 2560K, 98% used [0x00000000e3e80000,0x00000000e40f8030,0x00000000e4100000)
  to   space 2560K, 0% used [0x00000000e3c00000,0x00000000e3c00000,0x00000000e3e80000)
 ParOldGen       total 40960K, used 7440K [0x00000000a0000000, 0x00000000a2800000, 0x00000000e0000000)
  object space 40960K, 18% used [0x00000000a0000000,0x00000000a07442f8,0x00000000a2800000)
 Metaspace       used 14494K, capacity 14788K, committed 15104K, reserved 1062912K
  class space    used 2067K, capacity 2178K, committed 2304K, reserved 1048576K
}
Event: 2.119 GC heap before
{Heap before GC invocations=5 (full 0):
 PSYoungGen      total 64000K, used 43811K [0x00000000e0000000, 0x00000000e4100000, 0x0000000100000000)
  eden space 61440K, 67% used [0x00000000e0000000,0x00000000e2850d80,0x00000000e3c00000)
  from space 2560K, 98% used [0x00000000e3e80000,0x00000000e40f8030,0x00000000e4100000)
  to   space 2560K, 0% used [0x00000000e3c00000,0x00000000e3c00000,0x00000000e3e80000)
 ParOldGen       total 40960K, used 7440K [0x00000000a0000000, 0x00000000a2800000, 0x00000000e0000000)
  object space 40960K, 18% used [0x00000000a0000000,0x00000000a07442f8,0x00000000a2800000)
 Metaspace       used 20751K, capacity 21096K, committed 21248K, reserved 1067008K
  class space    used 2867K, capacity 3018K, committed 3072K, reserved 1048576K

