# JRE version: OpenJDK Runtime Environment (8.0_152-b01) (build 1.8.0_152-release-915-b01)
# Java VM: OpenJDK 64-Bit Server VM (25.152-b01 mixed mode linux-amd64 compressed oops)
Heap:
 PSYoungGen      total 64000K, used 2532K [0x00000000e0000000, 0x00000000e8c00000, 0x0000000100000000)
  eden space 61440K, 0% used [0x00000000e0000000,0x00000000e0000000,0x00000000e3c00000)
  from space 2560K, 98% used [0x00000000e3c00000,0x00000000e3e79040,0x00000000e3e80000)
  to   space 10240K, 0% used [0x00000000e8200000,0x00000000e8200000,0x00000000e8c00000)
 ParOldGen       total 40960K, used 13546K [0x00000000a0000000, 0x00000000a2800000, 0x00000000e0000000)
  object space 40960K, 33% used [0x00000000a0000000,0x00000000a0d3aa48,0x00000000a2800000)
 Metaspace       used 20759K, capacity 21142K, committed 21248K, reserved 1067008K
  class space    used 2884K, capacity 3066K, committed 3072K, reserved 1048576K
GC Heap History (10 events):
Event: 0.379 GC heap after
Heap after GC invocations=1 (full 0):
 PSYoungGen      total 17920K, used 2532K [0x00000000e0000000, 0x00000000e2300000, 0x0000000100000000)
  eden space 15360K, 0% used [0x00000000e0000000,0x00000000e0000000,0x00000000e0f00000)
  from space 2560K, 98% used [0x00000000e0f00000,0x00000000e1179020,0x00000000e1180000)
  to   space 2560K, 0% used [0x00000000e2080000,0x00000000e2080000,0x00000000e2300000)
 ParOldGen       total 40960K, used 284K [0x00000000a0000000, 0x00000000a2800000, 0x00000000e0000000)
  object space 40960K, 0% used [0x00000000a0000000,0x00000000a00473f8,0x00000000a2800000)
 Metaspace       used 5940K, capacity 6094K, committed 6272K, reserved 1056768K
  class space    used 727K, capacity 779K, committed 896K, reserved 1048576K
}
Event: 0.497 GC heap before
{Heap before GC invocations=2 (full 0):
 PSYoungGen      total 17920K, used 17892K [0x00000000e0000000, 0x00000000e2300000, 0x0000000100000000)
  eden space 15360K, 100% used [0x00000000e0000000,0x00000000e0f00000,0x00000000e0f00000)
  from space 2560K, 98% used [0x00000000e0f00000,0x00000000e1179020,0x00000000e1180000)
  to   space 2560K, 0% used [0x00000000e2080000,0x00000000e2080000,0x00000000e2300000)
 ParOldGen       total 40960K, used 284K [0x00000000a0000000, 0x00000000a2800000, 0x00000000e0000000)
  object space 40960K, 0% used [0x00000000a0000000,0x00000000a00473f8,0x00000000a2800000)
 Metaspace       used 6764K, capacity 6990K, committed 7168K, reserved 1056768K
  class space    used 828K, capacity 907K, committed 1024K, reserved 1048576K
Event: 0.501 GC heap after
Heap after GC invocations=2 (full 0):
 PSYoungGen      total 33280K, used 2264K [0x00000000e0000000, 0x00000000e2300000, 0x0000000100000000)
  eden space 30720K, 0% used [0x00000000e0000000,0x00000000e0000000,0x00000000e1e00000)
  from space 2560K, 88% used [0x00000000e2080000,0x00000000e22b63c0,0x00000000e2300000)
  to   space 2560K, 0% used [0x00000000e1e00000,0x00000000e1e00000,0x00000000e2080000)
 ParOldGen       total 40960K, used 292K [0x00000000a0000000, 0x00000000a2800000, 0x00000000e0000000)
  object space 40960K, 0% used [0x00000000a0000000,0x00000000a00493f8,0x00000000a2800000)
 Metaspace       used 6764K, capacity 6990K, committed 7168K, reserved 1056768K
  class space    used 828K, capacity 907K, committed 1024K, reserved 1048576K
}
Event: 0.939 GC heap before
{Heap before GC invocations=3 (full 0):
 PSYoungGen      total 33280K, used 32984K [0x00000000e0000000, 0x00000000e2300000, 0x0000000100000000)
  eden space 30720K, 100% used [0x00000000e0000000,0x00000000e1e00000,0x00000000e1e00000)
  from space 2560K, 88% used [0x00000000e2080000,0x00000000e22b63c0,0x00000000e2300000)
  to   space 2560K, 0% used [0x00000000e1e00000,0x00000000e1e00000,0x00000000e2080000)
 ParOldGen       total 40960K, used 292K [0x00000000a0000000, 0x00000000a2800000, 0x00000000e0000000)
  object space 40960K, 0% used [0x00000000a0000000,0x00000000a00493f8,0x00000000a2800000)
 Metaspace       used 11559K, capacity 11848K, committed 11904K, reserved 1058816K
  class space    used 1537K, capacity 1660K, committed 1664K, reserved 1048576K
Event: 0.946 GC heap after
Heap after GC invocations=3 (full 0):
 PSYoungGen      total 33280K, used 2544K [0x00000000e0000000, 0x00000000e4100000, 0x0000000100000000)
  eden space 30720K, 0% used [0x00000000e0000000,0x00000000e0000000,0x00000000e1e00000)
  from space 2560K, 99% used [0x00000000e1e00000,0x00000000e207c020,0x00000000e2080000)
  to   space 2560K, 0% used [0x00000000e3e80000,0x00000000e3e80000,0x00000000e4100000)
 ParOldGen       total 40960K, used 3318K [0x00000000a0000000, 0x00000000a2800000, 0x00000000e0000000)
  object space 40960K, 8% used [0x00000000a0000000,0x00000000a033da18,0x00000000a2800000)
 Metaspace       used 11559K, capacity 11848K, committed 11904K, reserved 1058816K
  class space    used 1537K, capacity 1660K, committed 1664K, reserved 1048576K
}
Event: 1.255 GC heap before
{Heap before GC invocations=4 (full 0):
 PSYoungGen      total 33280K, used 33264K [0x00000000e0000000, 0x00000000e4100000, 0x0000000100000000)
  eden space 30720K, 100% used [0x00000000e0000000,0x00000000e1e00000,0x00000000e1e00000)
  from space 2560K, 99% used [0x00000000e1e00000,0x00000000e207c020,0x00000000e2080000)
  to   space 2560K, 0% used [0x00000000e3e80000,0x00000000e3e80000,0x00000000e4100000)
 ParOldGen       total 40960K, used 3318K [0x00000000a0000000, 0x00000000a2800000, 0x00000000e0000000)
  object space 40960K, 8% used [0x00000000a0000000,0x00000000a033da18,0x00000000a2800000)
 Metaspace       used 14361K, capacity 14690K, committed 15104K, reserved 1062912K
  class space    used 2040K, capacity 2183K, committed 2304K, reserved 1048576K
Event: 1.266 GC heap after
Heap after GC invocations=4 (full 0):
 PSYoungGen      total 64000K, used 2544K [0x00000000e0000000, 0x00000000e4100000, 0x0000000100000000)
  eden space 61440K, 0% used [0x00000000e0000000,0x00000000e0000000,0x00000000e3c00000)
  from space 2560K, 99% used [0x00000000e3e80000,0x00000000e40fc040,0x00000000e4100000)
  to   space 2560K, 0% used [0x00000000e3c00000,0x00000000e3c00000,0x00000000e3e80000)
 ParOldGen       total 40960K, used 7387K [0x00000000a0000000, 0x00000000a2800000, 0x00000000e0000000)
  object space 40960K, 18% used [0x00000000a0000000,0x00000000a0736fe8,0x00000000a2800000)
 Metaspace       used 14361K, capacity 14690K, committed 15104K, reserved 1062912K
  class space    used 2040K, capacity 2183K, committed 2304K, reserved 1048576K
}
Event: 2.074 GC heap before
{Heap before GC invocations=5 (full 0):
 PSYoungGen      total 64000K, used 40761K [0x00000000e0000000, 0x00000000e4100000, 0x0000000100000000)
  eden space 61440K, 62% used [0x00000000e0000000,0x00000000e25526d0,0x00000000e3c00000)
  from space 2560K, 99% used [0x00000000e3e80000,0x00000000e40fc040,0x00000000e4100000)
  to   space 2560K, 0% used [0x00000000e3c00000,0x00000000e3c00000,0x00000000e3e80000)
 ParOldGen       total 40960K, used 7387K [0x00000000a0000000, 0x00000000a2800000, 0x00000000e0000000)
  object space 40960K, 18% used [0x00000000a0000000,0x00000000a0736fe8,0x00000000a2800000)
 Metaspace       used 20759K, capacity 21142K, committed 21248K, reserved 1067008K
  class space    used 2884K, capacity 3066K, committed 3072K, reserved 1048576K
Event: 2.094 GC heap after
Heap after GC invocations=5 (full 0):
 PSYoungGen      total 64000K, used 2532K [0x00000000e0000000, 0x00000000e8c00000, 0x0000000100000000)
  eden space 61440K, 0% used [0x00000000e0000000,0x00000000e0000000,0x00000000e3c00000)
  from space 2560K, 98% used [0x00000000e3c00000,0x00000000e3e79040,0x00000000e3e80000)
  to   space 10240K, 0% used [0x00000000e8200000,0x00000000e8200000,0x00000000e8c00000)
 ParOldGen       total 40960K, used 13546K [0x00000000a0000000, 0x00000000a2800000, 0x00000000e0000000)
  object space 40960K, 33% used [0x00000000a0000000,0x00000000a0d3aa48,0x00000000a2800000)
 Metaspace       used 20759K, capacity 21142K, committed 21248K, reserved 1067008K
  class space    used 2884K, capacity 3066K, committed 3072K, reserved 1048576K
}
Event: 2.094 GC heap before
{Heap before GC invocations=6 (full 1):
 PSYoungGen      total 64000K, used 2532K [0x00000000e0000000, 0x00000000e8c00000, 0x0000000100000000)
  eden space 61440K, 0% used [0x00000000e0000000,0x00000000e0000000,0x00000000e3c00000)
  from space 2560K, 98% used [0x00000000e3c00000,0x00000000e3e79040,0x00000000e3e80000)
  to   space 10240K, 0% used [0x00000000e8200000,0x00000000e8200000,0x00000000e8c00000)
 ParOldGen       total 40960K, used 13546K [0x00000000a0000000, 0x00000000a2800000, 0x00000000e0000000)
  object space 40960K, 33% used [0x00000000a0000000,0x00000000a0d3aa48,0x00000000a2800000)
 Metaspace       used 20759K, capacity 21142K, committed 21248K, reserved 1067008K
  class space    used 2884K, capacity 3066K, committed 3072K, reserved 1048576K

