# JRE version: OpenJDK Runtime Environment (8.0_152-b01) (build 1.8.0_152-release-915-b01)
# Java VM: OpenJDK 64-Bit Server VM (25.152-b01 mixed mode linux-amd64 compressed oops)
Heap:
 PSYoungGen      total 208896K, used 89700K [0x00000000e0000000, 0x00000000edf80000, 0x0000000100000000)
  eden space 194560K, 39% used [0x00000000e0000000,0x00000000e4affb68,0x00000000ebe00000)
  from space 14336K, 89% used [0x00000000ecd80000,0x00000000eda19698,0x00000000edb80000)
  to   space 15872K, 0% used [0x00000000ebe00000,0x00000000ebe00000,0x00000000ecd80000)
 ParOldGen       total 47104K, used 32041K [0x00000000a0000000, 0x00000000a2e00000, 0x00000000e0000000)
  object space 47104K, 68% used [0x00000000a0000000,0x00000000a1f4a588,0x00000000a2e00000)
 Metaspace       used 53836K, capacity 55558K, committed 55808K, reserved 1097728K
  class space    used 7378K, capacity 7854K, committed 7936K, reserved 1048576K
GC Heap History (10 events):
Event: 6.283 GC heap before
{Heap before GC invocations=10 (full 1):
 PSYoungGen      total 109056K, used 108773K [0x00000000e0000000, 0x00000000e8300000, 0x0000000100000000)
  eden space 102912K, 100% used [0x00000000e0000000,0x00000000e6480000,0x00000000e6480000)
  from space 6144K, 95% used [0x00000000e7d00000,0x00000000e82b9508,0x00000000e8300000)
  to   space 8192K, 0% used [0x00000000e7300000,0x00000000e7300000,0x00000000e7b00000)
 ParOldGen       total 30208K, used 6686K [0x00000000a0000000, 0x00000000a1d80000, 0x00000000e0000000)
  object space 30208K, 22% used [0x00000000a0000000,0x00000000a0687b40,0x00000000a1d80000)
 Metaspace       used 31136K, capacity 31752K, committed 32000K, reserved 1077248K
  class space    used 4279K, capacity 4547K, committed 4608K, reserved 1048576K
Event: 6.301 GC heap after
Heap after GC invocations=10 (full 1):
 PSYoungGen      total 125952K, used 8181K [0x00000000e0000000, 0x00000000ea100000, 0x0000000100000000)
  eden space 117760K, 0% used [0x00000000e0000000,0x00000000e0000000,0x00000000e7300000)
  from space 8192K, 99% used [0x00000000e7300000,0x00000000e7afd600,0x00000000e7b00000)
  to   space 10240K, 0% used [0x00000000e9700000,0x00000000e9700000,0x00000000ea100000)
 ParOldGen       total 30208K, used 8775K [0x00000000a0000000, 0x00000000a1d80000, 0x00000000e0000000)
  object space 30208K, 29% used [0x00000000a0000000,0x00000000a0891ec0,0x00000000a1d80000)
 Metaspace       used 31136K, capacity 31752K, committed 32000K, reserved 1077248K
  class space    used 4279K, capacity 4547K, committed 4608K, reserved 1048576K
}
Event: 7.164 GC heap before
{Heap before GC invocations=11 (full 1):
 PSYoungGen      total 125952K, used 43894K [0x00000000e0000000, 0x00000000ea100000, 0x0000000100000000)
  eden space 117760K, 30% used [0x00000000e0000000,0x00000000e22e0250,0x00000000e7300000)
  from space 8192K, 99% used [0x00000000e7300000,0x00000000e7afd600,0x00000000e7b00000)
  to   space 10240K, 0% used [0x00000000e9700000,0x00000000e9700000,0x00000000ea100000)
 ParOldGen       total 30208K, used 8775K [0x00000000a0000000, 0x00000000a1d80000, 0x00000000e0000000)
  object space 30208K, 29% used [0x00000000a0000000,0x00000000a0891ec0,0x00000000a1d80000)
 Metaspace       used 34513K, capacity 35206K, committed 35416K, reserved 1079296K
  class space    used 4722K, capacity 5001K, committed 5120K, reserved 1048576K
Event: 7.187 GC heap after
Heap after GC invocations=11 (full 1):
 PSYoungGen      total 154112K, used 7840K [0x00000000e0000000, 0x00000000eb580000, 0x0000000100000000)
  eden space 143872K, 0% used [0x00000000e0000000,0x00000000e0000000,0x00000000e8c80000)
  from space 10240K, 76% used [0x00000000e9700000,0x00000000e9ea82d8,0x00000000ea100000)
  to   space 10752K, 0% used [0x00000000e8c80000,0x00000000e8c80000,0x00000000e9700000)
 ParOldGen       total 30208K, used 11115K [0x00000000a0000000, 0x00000000a1d80000, 0x00000000e0000000)
  object space 30208K, 36% used [0x00000000a0000000,0x00000000a0adaf08,0x00000000a1d80000)
 Metaspace       used 34513K, capacity 35206K, committed 35416K, reserved 1079296K
  class space    used 4722K, capacity 5001K, committed 5120K, reserved 1048576K
}
Event: 7.187 GC heap before
{Heap before GC invocations=12 (full 2):
 PSYoungGen      total 154112K, used 7840K [0x00000000e0000000, 0x00000000eb580000, 0x0000000100000000)
  eden space 143872K, 0% used [0x00000000e0000000,0x00000000e0000000,0x00000000e8c80000)
  from space 10240K, 76% used [0x00000000e9700000,0x00000000e9ea82d8,0x00000000ea100000)
  to   space 10752K, 0% used [0x00000000e8c80000,0x00000000e8c80000,0x00000000e9700000)
 ParOldGen       total 30208K, used 11115K [0x00000000a0000000, 0x00000000a1d80000, 0x00000000e0000000)
  object space 30208K, 36% used [0x00000000a0000000,0x00000000a0adaf08,0x00000000a1d80000)
 Metaspace       used 34513K, capacity 35206K, committed 35416K, reserved 1079296K
  class space    used 4722K, capacity 5001K, committed 5120K, reserved 1048576K
Event: 7.261 GC heap after
Heap after GC invocations=12 (full 2):
 PSYoungGen      total 154112K, used 0K [0x00000000e0000000, 0x00000000eb580000, 0x0000000100000000)
  eden space 143872K, 0% used [0x00000000e0000000,0x00000000e0000000,0x00000000e8c80000)
  from space 10240K, 0% used [0x00000000e9700000,0x00000000e9700000,0x00000000ea100000)
  to   space 10752K, 0% used [0x00000000e8c80000,0x00000000e8c80000,0x00000000e9700000)
 ParOldGen       total 47104K, used 16451K [0x00000000a0000000, 0x00000000a2e00000, 0x00000000e0000000)
  object space 47104K, 34% used [0x00000000a0000000,0x00000000a1010f70,0x00000000a2e00000)
 Metaspace       used 34513K, capacity 35206K, committed 35416K, reserved 1079296K
  class space    used 4722K, capacity 5001K, committed 5120K, reserved 1048576K
}
Event: 9.545 GC heap before
{Heap before GC invocations=13 (full 2):
 PSYoungGen      total 154112K, used 143872K [0x00000000e0000000, 0x00000000eb580000, 0x0000000100000000)
  eden space 143872K, 100% used [0x00000000e0000000,0x00000000e8c80000,0x00000000e8c80000)
  from space 10240K, 0% used [0x00000000e9700000,0x00000000e9700000,0x00000000ea100000)
  to   space 10752K, 0% used [0x00000000e8c80000,0x00000000e8c80000,0x00000000e9700000)
 ParOldGen       total 47104K, used 16451K [0x00000000a0000000, 0x00000000a2e00000, 0x00000000e0000000)
  object space 47104K, 34% used [0x00000000a0000000,0x00000000a1010f70,0x00000000a2e00000)
 Metaspace       used 46486K, capacity 47572K, committed 47744K, reserved 1089536K
  class space    used 6282K, capacity 6674K, committed 6784K, reserved 1048576K
Event: 9.572 GC heap after
Heap after GC invocations=13 (full 2):
 PSYoungGen      total 154624K, used 10751K [0x00000000e0000000, 0x00000000edb80000, 0x0000000100000000)
  eden space 143872K, 0% used [0x00000000e0000000,0x00000000e0000000,0x00000000e8c80000)
  from space 10752K, 99% used [0x00000000e8c80000,0x00000000e96ffc28,0x00000000e9700000)
  to   space 14336K, 0% used [0x00000000ecd80000,0x00000000ecd80000,0x00000000edb80000)
 ParOldGen       total 47104K, used 21849K [0x00000000a0000000, 0x00000000a2e00000, 0x00000000e0000000)
  object space 47104K, 46% used [0x00000000a0000000,0x00000000a1556400,0x00000000a2e00000)
 Metaspace       used 46486K, capacity 47572K, committed 47744K, reserved 1089536K
  class space    used 6282K, capacity 6674K, committed 6784K, reserved 1048576K
}
Event: 11.376 GC heap before
{Heap before GC invocations=14 (full 2):
 PSYoungGen      total 154624K, used 154623K [0x00000000e0000000, 0x00000000edb80000, 0x0000000100000000)
  eden space 143872K, 100% used [0x00000000e0000000,0x00000000e8c80000,0x00000000e8c80000)
  from space 10752K, 99% used [0x00000000e8c80000,0x00000000e96ffc28,0x00000000e9700000)
  to   space 14336K, 0% used [0x00000000ecd80000,0x00000000ecd80000,0x00000000edb80000)
 ParOldGen       total 47104K, used 21849K [0x00000000a0000000, 0x00000000a2e00000, 0x00000000e0000000)
  object space 47104K, 46% used [0x00000000a0000000,0x00000000a1556400,0x00000000a2e00000)
 Metaspace       used 52797K, capacity 54642K, committed 54912K, reserved 1095680K
  class space    used 7220K, capacity 7709K, committed 7808K, reserved 1048576K
Event: 11.439 GC heap after
Heap after GC invocations=14 (full 2):
 PSYoungGen      total 208896K, used 12901K [0x00000000e0000000, 0x00000000edf80000, 0x0000000100000000)
  eden space 194560K, 0% used [0x00000000e0000000,0x00000000e0000000,0x00000000ebe00000)
  from space 14336K, 89% used [0x00000000ecd80000,0x00000000eda19698,0x00000000edb80000)
  to   space 15872K, 0% used [0x00000000ebe00000,0x00000000ebe00000,0x00000000ecd80000)
 ParOldGen       total 47104K, used 32041K [0x00000000a0000000, 0x00000000a2e00000, 0x00000000e0000000)
  object space 47104K, 68% used [0x00000000a0000000,0x00000000a1f4a588,0x00000000a2e00000)
 Metaspace       used 52797K, capacity 54642K, committed 54912K, reserved 1095680K
  class space    used 7220K, capacity 7709K, committed 7808K, reserved 1048576K
}

